<?xml version="1.0" encoding="UTF-8"?>
<testng-results skipped="0" failed="0" ignored="0" total="1" passed="1">
  <reporter-output>
  </reporter-output>
  <suite name="Default suite" duration-ms="44" started-at="2018-08-31T23:19:00Z" finished-at="2018-08-31T23:19:00Z">
    <groups>
    </groups>
    <test name="Default test" duration-ms="44" started-at="2018-08-31T23:19:00Z" finished-at="2018-08-31T23:19:00Z">
      <class name="com.selenium.spectrum.utility.Trial">
        <test-method status="PASS" signature="trialclass()[pri:0, instance:com.selenium.spectrum.utility.Trial@5bcea91b]" name="trialclass" duration-ms="11" started-at="2018-08-31T23:19:00Z" finished-at="2018-08-31T23:19:00Z">
          <reporter-output>
          </reporter-output>
        </test-method> <!-- trialclass -->
      </class> <!-- com.selenium.spectrum.utility.Trial -->
    </test> <!-- Default test -->
  </suite> <!-- Default suite -->
</testng-results>
